<?xml version="1.0" encoding="UTF-8"?>
<testsuite name="io.turntabl.NorthwindSpringBootTemplate.NorthwindSpringBootTemplateApplicationTests" tests="1" skipped="0" failures="0" errors="0" timestamp="2019-11-20T12:32:23" hostname="francis-Satellite-C55-A" time="0.391">
  <properties/>
  <testcase name="contextLoads()" classname="io.turntabl.NorthwindSpringBootTemplate.NorthwindSpringBootTemplateApplicationTests" time="0.391"/>
  <system-out><![CDATA[12:32:20.627 [Test worker] DEBUG org.springframework.test.context.BootstrapUtils - Instantiating CacheAwareContextLoaderDelegate from class [org.springframework.test.context.cache.DefaultCacheAwareContextLoaderDelegate]
12:32:20.653 [Test worker] DEBUG org.springframework.test.context.BootstrapUtils - Instantiating BootstrapContext using constructor [public org.springframework.test.context.support.DefaultBootstrapContext(java.lang.Class,org.springframework.test.context.CacheAwareContextLoaderDelegate)]
12:32:20.709 [Test worker] DEBUG org.springframework.test.context.BootstrapUtils - Instantiating TestContextBootstrapper for test class [io.turntabl.NorthwindSpringBootTemplate.NorthwindSpringBootTemplateApplicationTests] from class [org.springframework.boot.test.context.SpringBootTestContextBootstrapper]
12:32:20.727 [Test worker] INFO org.springframework.boot.test.context.SpringBootTestContextBootstrapper - Neither @ContextConfiguration nor @ContextHierarchy found for test class [io.turntabl.NorthwindSpringBootTemplate.NorthwindSpringBootTemplateApplicationTests], using SpringBootContextLoader
12:32:20.733 [Test worker] DEBUG org.springframework.test.context.support.AbstractContextLoader - Did not detect default resource location for test class [io.turntabl.NorthwindSpringBootTemplate.NorthwindSpringBootTemplateApplicationTests]: class path resource [io/turntabl/NorthwindSpringBootTemplate/NorthwindSpringBootTemplateApplicationTests-context.xml] does not exist
12:32:20.734 [Test worker] DEBUG org.springframework.test.context.support.AbstractContextLoader - Did not detect default resource location for test class [io.turntabl.NorthwindSpringBootTemplate.NorthwindSpringBootTemplateApplicationTests]: class path resource [io/turntabl/NorthwindSpringBootTemplate/NorthwindSpringBootTemplateApplicationTestsContext.groovy] does not exist
12:32:20.735 [Test worker] INFO org.springframework.test.context.support.AbstractContextLoader - Could not detect default resource locations for test class [io.turntabl.NorthwindSpringBootTemplate.NorthwindSpringBootTemplateApplicationTests]: no resource found for suffixes {-context.xml, Context.groovy}.
12:32:20.736 [Test worker] INFO org.springframework.test.context.support.AnnotationConfigContextLoaderUtils - Could not detect default configuration classes for test class [io.turntabl.NorthwindSpringBootTemplate.NorthwindSpringBootTemplateApplicationTests]: NorthwindSpringBootTemplateApplicationTests does not declare any static, non-private, non-final, nested classes annotated with @Configuration.
12:32:20.791 [Test worker] DEBUG org.springframework.test.context.support.ActiveProfilesUtils - Could not find an 'annotation declaring class' for annotation type [org.springframework.test.context.ActiveProfiles] and class [io.turntabl.NorthwindSpringBootTemplate.NorthwindSpringBootTemplateApplicationTests]
12:32:20.876 [Test worker] DEBUG org.springframework.context.annotation.ClassPathScanningCandidateComponentProvider - Identified candidate component class: file [/home/francis/Desktop/workspace/JavaProjects/NorthwindSpringBootTemplate/build/classes/java/main/io/turntabl/NorthwindSpringBootTemplate/NorthwindSpringBootTemplateApplication.class]
12:32:20.878 [Test worker] INFO org.springframework.boot.test.context.SpringBootTestContextBootstrapper - Found @SpringBootConfiguration io.turntabl.NorthwindSpringBootTemplate.NorthwindSpringBootTemplateApplication for test class io.turntabl.NorthwindSpringBootTemplate.NorthwindSpringBootTemplateApplicationTests
12:32:20.996 [Test worker] DEBUG org.springframework.boot.test.context.SpringBootTestContextBootstrapper - @TestExecutionListeners is not present for class [io.turntabl.NorthwindSpringBootTemplate.NorthwindSpringBootTemplateApplicationTests]: using defaults.
12:32:20.997 [Test worker] INFO org.springframework.boot.test.context.SpringBootTestContextBootstrapper - Loaded default TestExecutionListener class names from location [META-INF/spring.factories]: [org.springframework.boot.test.autoconfigure.restdocs.RestDocsTestExecutionListener, org.springframework.boot.test.autoconfigure.web.client.MockRestServiceServerResetTestExecutionListener, org.springframework.boot.test.autoconfigure.web.servlet.MockMvcPrintOnlyOnFailureTestExecutionListener, org.springframework.boot.test.autoconfigure.web.servlet.WebDriverTestExecutionListener, org.springframework.boot.test.mock.mockito.MockitoTestExecutionListener, org.springframework.boot.test.mock.mockito.ResetMocksTestExecutionListener, org.springframework.test.context.web.ServletTestExecutionListener, org.springframework.test.context.support.DirtiesContextBeforeModesTestExecutionListener, org.springframework.test.context.support.DependencyInjectionTestExecutionListener, org.springframework.test.context.support.DirtiesContextTestExecutionListener, org.springframework.test.context.transaction.TransactionalTestExecutionListener, org.springframework.test.context.jdbc.SqlScriptsTestExecutionListener, org.springframework.test.context.event.EventPublishingTestExecutionListener]
12:32:21.009 [Test worker] DEBUG org.springframework.boot.test.context.SpringBootTestContextBootstrapper - Skipping candidate TestExecutionListener [org.springframework.test.context.transaction.TransactionalTestExecutionListener] due to a missing dependency. Specify custom listener classes or make the default listener classes and their required dependencies available. Offending class: [org/springframework/transaction/TransactionDefinition]
12:32:21.010 [Test worker] DEBUG org.springframework.boot.test.context.SpringBootTestContextBootstrapper - Skipping candidate TestExecutionListener [org.springframework.test.context.jdbc.SqlScriptsTestExecutionListener] due to a missing dependency. Specify custom listener classes or make the default listener classes and their required dependencies available. Offending class: [org/springframework/transaction/interceptor/TransactionAttribute]
12:32:21.010 [Test worker] INFO org.springframework.boot.test.context.SpringBootTestContextBootstrapper - Using TestExecutionListeners: [org.springframework.test.context.web.ServletTestExecutionListener@12188d97, org.springframework.test.context.support.DirtiesContextBeforeModesTestExecutionListener@3e6d5b4e, org.springframework.boot.test.mock.mockito.MockitoTestExecutionListener@53a1f008, org.springframework.boot.test.autoconfigure.SpringBootDependencyInjectionTestExecutionListener@7fcc149e, org.springframework.test.context.support.DirtiesContextTestExecutionListener@296e4ac5, org.springframework.test.context.event.EventPublishingTestExecutionListener@7d8dd38d, org.springframework.boot.test.autoconfigure.restdocs.RestDocsTestExecutionListener@21704d84, org.springframework.boot.test.autoconfigure.web.client.MockRestServiceServerResetTestExecutionListener@3e87d5d0, org.springframework.boot.test.autoconfigure.web.servlet.MockMvcPrintOnlyOnFailureTestExecutionListener@65e488a7, org.springframework.boot.test.autoconfigure.web.servlet.WebDriverTestExecutionListener@76e62e2d, org.springframework.boot.test.mock.mockito.ResetMocksTestExecutionListener@55d95118]
12:32:21.015 [Test worker] DEBUG org.springframework.test.context.support.AbstractDirtiesContextTestExecutionListener - Before test class: context [DefaultTestContext@24ca8117 testClass = NorthwindSpringBootTemplateApplicationTests, testInstance = [null], testMethod = [null], testException = [null], mergedContextConfiguration = [WebMergedContextConfiguration@24ec1a7a testClass = NorthwindSpringBootTemplateApplicationTests, locations = '{}', classes = '{class io.turntabl.NorthwindSpringBootTemplate.NorthwindSpringBootTemplateApplication}', contextInitializerClasses = '[]', activeProfiles = '{}', propertySourceLocations = '{}', propertySourceProperties = '{org.springframework.boot.test.context.SpringBootTestContextBootstrapper=true}', contextCustomizers = set[org.springframework.boot.test.autoconfigure.properties.PropertyMappingContextCustomizer@0, org.springframework.boot.test.autoconfigure.web.servlet.WebDriverContextCustomizerFactory$Customizer@4806ace3, org.springframework.boot.test.context.filter.ExcludeFilterContextCustomizer@6f08e88e, org.springframework.boot.test.json.DuplicateJsonObjectContextCustomizerFactory$DuplicateJsonObjectContextCustomizer@d0aa305, org.springframework.boot.test.mock.mockito.MockitoContextCustomizer@0, org.springframework.boot.test.web.client.TestRestTemplateContextCustomizer@c66273e], resourceBasePath = 'src/main/webapp', contextLoader = 'org.springframework.boot.test.context.SpringBootContextLoader', parent = [null]], attributes = map['org.springframework.test.context.web.ServletTestExecutionListener.activateListener' -> true]], class annotated with @DirtiesContext [false] with mode [null].
12:32:21.050 [Test worker] DEBUG org.springframework.test.context.support.TestPropertySourceUtils - Adding inlined properties to environment: {spring.jmx.enabled=false, org.springframework.boot.test.context.SpringBootTestContextBootstrapper=true, server.port=-1}

  .   ____          _            __ _ _
 /\\ / ___'_ __ _ _(_)_ __  __ _ \ \ \ \
( ( )\___ | '_ | '_| | '_ \/ _` | \ \ \ \
 \\/  ___)| |_)| | | | | || (_| |  ) ) ) )
  '  |____| .__|_| |_|_| |_\__, | / / / /
 =========|_|==============|___/=/_/_/_/
 :: Spring Boot ::        (v2.2.1.RELEASE)

2019-11-20 12:32:21.522  INFO 32742 --- [    Test worker] thwindSpringBootTemplateApplicationTests : Starting NorthwindSpringBootTemplateApplicationTests on francis-Satellite-C55-A with PID 32742 (started by francis in /home/francis/Desktop/workspace/JavaProjects/NorthwindSpringBootTemplate)
2019-11-20 12:32:21.525  INFO 32742 --- [    Test worker] thwindSpringBootTemplateApplicationTests : No active profile set, falling back to default profiles: default
2019-11-20 12:32:23.340  INFO 32742 --- [    Test worker] o.s.s.concurrent.ThreadPoolTaskExecutor  : Initializing ExecutorService 'applicationTaskExecutor'
2019-11-20 12:32:23.794  INFO 32742 --- [    Test worker] thwindSpringBootTemplateApplicationTests : Started NorthwindSpringBootTemplateApplicationTests in 2.731 seconds (JVM running for 4.362)
]]></system-out>
  <system-err><![CDATA[]]></system-err>
</testsuite>
